Build started 7/9/2014 2:48:03 PM.
     1>Project "C:\Users\Isaac Shure\Documents\Visual Studio 2010\Projects\binary converter\binary converter\binary converter.vcxproj" on node 2 (build target(s)).
     1>InitializeBuildStatus:
         Creating "Debug\binary converter.unsuccessfulbuild" because "AlwaysCreate" was specified.
       ClCompile:
         C:\Program Files (x86)\Microsoft Visual Studio 10.0\VC\bin\CL.exe /c /ZI /nologo /W3 /WX- /Od /Oy- /D _MBCS /Gm /EHsc /RTC1 /MDd /GS /fp:precise /Zc:wchar_t /Zc:forScope /Fo"Debug\\" /Fd"Debug\vc100.pdb" /Gd /TP /analyze- /errorReport:prompt body.cpp
         body.cpp
       Link:
         C:\Program Files (x86)\Microsoft Visual Studio 10.0\VC\bin\link.exe /ERRORREPORT:PROMPT /OUT:"C:\Users\Isaac Shure\Documents\Visual Studio 2010\Projects\binary converter\Debug\binary converter.exe" /NOLOGO kernel32.lib user32.lib gdi32.lib winspool.lib comdlg32.lib advapi32.lib shell32.lib ole32.lib oleaut32.lib uuid.lib odbc32.lib odbccp32.lib /MANIFEST /ManifestFile:"Debug\binary converter.exe.intermediate.manifest" /MANIFESTUAC:"level='asInvoker' uiAccess='false'" /DEBUG /PDB:"C:\Users\Isaac Shure\Documents\Visual Studio 2010\Projects\binary converter\Debug\binary converter.pdb" /TLBID:1 /DYNAMICBASE /NXCOMPAT /IMPLIB:"C:\Users\Isaac Shure\Documents\Visual Studio 2010\Projects\binary converter\Debug\binary converter.lib" /MACHINE:X86 Debug\binarytodecimal.obj
         Debug\body.obj
         Debug\decimaltobinary.obj
         Debug\menu.obj
         LINK : C:\Users\Isaac Shure\Documents\Visual Studio 2010\Projects\binary converter\Debug\binary converter.exe not found or not built by the last incremental link; performing full link
         binary converter.vcxproj -> C:\Users\Isaac Shure\Documents\Visual Studio 2010\Projects\binary converter\Debug\binary converter.exe
       Manifest:
         C:\Program Files (x86)\Microsoft SDKs\Windows\v7.0A\bin\mt.exe /nologo /verbose /outputresource:"C:\Users\Isaac Shure\Documents\Visual Studio 2010\Projects\binary converter\Debug\binary converter.exe;#1" /manifest "Debug\binary converter.exe.intermediate.manifest"
       FinalizeBuildStatus:
         Deleting file "Debug\binary converter.unsuccessfulbuild".
         Touching "Debug\binary converter.lastbuildstate".
     1>Done Building Project "C:\Users\Isaac Shure\Documents\Visual Studio 2010\Projects\binary converter\binary converter\binary converter.vcxproj" (build target(s)).

Build succeeded.

Time Elapsed 00:00:00.55
